Using pre-set license
Built from '2021.3/staging' branch; Version is '2021.3.6f1 (7da38d85baf6) revision 8233869'; Using compiler version '192829333'; Build Type 'Release'
OS: 'Windows 11  (10.0.22000) 64bit Professional' Language: 'ko' Physical Memory: 16226 MB
BatchMode: 1, IsHumanControllingUs: 0, StartBugReporterOnCrash: 0, Is64bit: 1, IsPro: 1

COMMAND LINE ARGUMENTS:
C:\Program Files\Unity\Hub\Editor\2021.3.6f1\Editor\Unity.exe
-adb2
-batchMode
-noUpm
-name
AssetImportWorker2
-projectPath
C:/Users/82107/Unity Projects/The-Shoes/The Shoes
-logFile
Logs/AssetImportWorker2.log
-srvPort
49829
Successfully changed project path to: C:/Users/82107/Unity Projects/The-Shoes/The Shoes
C:/Users/82107/Unity Projects/The-Shoes/The Shoes
[UnityMemory] Configuration Parameters - Can be set up in boot.config
    "memorysetup-bucket-allocator-granularity=16"
    "memorysetup-bucket-allocator-bucket-count=8"
    "memorysetup-bucket-allocator-block-size=33554432"
    "memorysetup-bucket-allocator-block-count=8"
    "memorysetup-main-allocator-block-size=16777216"
    "memorysetup-thread-allocator-block-size=16777216"
    "memorysetup-gfx-main-allocator-block-size=16777216"
    "memorysetup-gfx-thread-allocator-block-size=16777216"
    "memorysetup-cache-allocator-block-size=4194304"
    "memorysetup-typetree-allocator-block-size=2097152"
    "memorysetup-profiler-bucket-allocator-granularity=16"
    "memorysetup-profiler-bucket-allocator-bucket-count=8"
    "memorysetup-profiler-bucket-allocator-block-size=33554432"
    "memorysetup-profiler-bucket-allocator-block-count=8"
    "memorysetup-profiler-allocator-block-size=16777216"
    "memorysetup-profiler-editor-allocator-block-size=1048576"
    "memorysetup-temp-allocator-size-main=16777216"
    "memorysetup-job-temp-allocator-block-size=2097152"
    "memorysetup-job-temp-allocator-block-size-background=1048576"
    "memorysetup-job-temp-allocator-reduction-small-platforms=262144"
    "memorysetup-temp-allocator-size-background-worker=32768"
    "memorysetup-temp-allocator-size-job-worker=262144"
    "memorysetup-temp-allocator-size-preload-manager=33554432"
    "memorysetup-temp-allocator-size-nav-mesh-worker=65536"
    "memorysetup-temp-allocator-size-audio-worker=65536"
    "memorysetup-temp-allocator-size-cloud-worker=32768"
    "memorysetup-temp-allocator-size-gi-baking-worker=262144"
    "memorysetup-temp-allocator-size-gfx=262144"
Refreshing native plugins compatible for Editor in 209.93 ms, found 3 plugins.
Preloading 0 native plugins for Editor in 0.00 ms.
Initialize engine version: 2021.3.6f1 (7da38d85baf6)
[Subsystems] Discovering subsystems at path C:/Program Files/Unity/Hub/Editor/2021.3.6f1/Editor/Data/Resources/UnitySubsystems
[Subsystems] Discovering subsystems at path C:/Users/82107/Unity Projects/The-Shoes/The Shoes/Assets
GfxDevice: creating device client; threaded=0; jobified=0
Direct3D:
    Version:  Direct3D 11.0 [level 11.1]
    Renderer: NVIDIA GeForce RTX 2060 (ID=0x1f15)
    Vendor:   NVIDIA
    VRAM:     5980 MB
    Driver:   30.0.15.1215
Initialize mono
Mono path[0] = 'C:/Program Files/Unity/Hub/Editor/2021.3.6f1/Editor/Data/Managed'
Mono path[1] = 'C:/Program Files/Unity/Hub/Editor/2021.3.6f1/Editor/Data/MonoBleedingEdge/lib/mono/unityjit-win32'
Mono config path = 'C:/Program Files/Unity/Hub/Editor/2021.3.6f1/Editor/Data/MonoBleedingEdge/etc'
Using monoOptions --debugger-agent=transport=dt_socket,embedding=1,server=y,suspend=n,address=127.0.0.1:56720
Begin MonoManager ReloadAssembly
Registering precompiled unity dll's ...
Register platform support module: C:/Program Files/Unity/Hub/Editor/2021.3.6f1/Editor/Data/PlaybackEngines/WebGLSupport/UnityEditor.WebGL.Extensions.dll
Register platform support module: C:/Program Files/Unity/Hub/Editor/2021.3.6f1/Editor/Data/PlaybackEngines/WindowsStandaloneSupport/UnityEditor.WindowsStandalone.Extensions.dll
Registered in 0.032094 seconds.
Native extension for WindowsStandalone target not found
Native extension for WebGL target not found
Refreshing native plugins compatible for Editor in 168.37 ms, found 3 plugins.
Preloading 0 native plugins for Editor in 0.00 ms.
Mono: successfully reloaded assembly
- Completed reload, in  1.337 seconds
Domain Reload Profiling:
	ReloadAssembly (1338ms)
		BeginReloadAssembly (187ms)
			ExecutionOrderSort (0ms)
			DisableScriptedObjects (0ms)
			BackupInstance (0ms)
			ReleaseScriptingObjects (0ms)
			CreateAndSetChildDomain (1ms)
		EndReloadAssembly (891ms)
			LoadAssemblies (179ms)
			RebuildTransferFunctionScriptingTraits (0ms)
			SetupTypeCache (209ms)
			ReleaseScriptCaches (0ms)
			RebuildScriptCaches (54ms)
			SetupLoadedEditorAssemblies (516ms)
				LogAssemblyErrors (0ms)
				InitializePlatformSupportModulesInManaged (23ms)
				SetLoadedEditorAssemblies (0ms)
				RefreshPlugins (169ms)
				BeforeProcessingInitializeOnLoad (2ms)
				ProcessInitializeOnLoadAttributes (233ms)
				ProcessInitializeOnLoadMethodAttributes (89ms)
				AfterProcessingInitializeOnLoad (0ms)
				EditorAssembliesLoaded (0ms)
			ExecutionOrderSort2 (0ms)
			AwakeInstancesAfterBackupRestoration (0ms)
Platform modules already initialized, skipping
Registering precompiled user dll's ...
Registered in 0.024392 seconds.
Begin MonoManager ReloadAssembly
Symbol file LoadedFromMemory doesn't match image C:\Users\82107\Unity Projects\The-Shoes\The Shoes\Library\PackageCache\com.unity.visualscripting@1.7.8\Editor\VisualScripting.Core\Dependencies\YamlDotNet\Unity.VisualScripting.YamlDotNet.dll
Symbol file LoadedFromMemory doesn't match image C:\Users\82107\Unity Projects\The-Shoes\The Shoes\Library\PackageCache\com.unity.visualscripting@1.7.8\Editor\VisualScripting.Core\Dependencies\DotNetZip\Unity.VisualScripting.IonicZip.dll
Native extension for WindowsStandalone target not found
Native extension for WebGL target not found
Refreshing native plugins compatible for Editor in 0.81 ms, found 3 plugins.
Preloading 0 native plugins for Editor in 0.00 ms.
Mono: successfully reloaded assembly
- Completed reload, in  2.127 seconds
Domain Reload Profiling:
	ReloadAssembly (2128ms)
		BeginReloadAssembly (249ms)
			ExecutionOrderSort (0ms)
			DisableScriptedObjects (12ms)
			BackupInstance (0ms)
			ReleaseScriptingObjects (0ms)
			CreateAndSetChildDomain (32ms)
		EndReloadAssembly (1624ms)
			LoadAssemblies (213ms)
			RebuildTransferFunctionScriptingTraits (0ms)
			SetupTypeCache (510ms)
			ReleaseScriptCaches (1ms)
			RebuildScriptCaches (89ms)
			SetupLoadedEditorAssemblies (750ms)
				LogAssemblyErrors (0ms)
				InitializePlatformSupportModulesInManaged (19ms)
				SetLoadedEditorAssemblies (1ms)
				RefreshPlugins (1ms)
				BeforeProcessingInitializeOnLoad (211ms)
				ProcessInitializeOnLoadAttributes (432ms)
				ProcessInitializeOnLoadMethodAttributes (53ms)
				AfterProcessingInitializeOnLoad (34ms)
				EditorAssembliesLoaded (0ms)
			ExecutionOrderSort2 (0ms)
			AwakeInstancesAfterBackupRestoration (17ms)
Platform modules already initialized, skipping
========================================================================
Worker process is ready to serve import requests
Launched and connected shader compiler UnityShaderCompiler.exe after 0.09 seconds
Refreshing native plugins compatible for Editor in 1.35 ms, found 3 plugins.
Preloading 0 native plugins for Editor in 0.00 ms.
Unloading 3382 Unused Serialized files (Serialized files now loaded: 0)
Unloading 27 unused Assets / (111.9 KB). Loaded Objects now: 3856.
Memory consumption went from 130.2 MB to 130.1 MB.
Total: 5.849200 ms (FindLiveObjects: 0.531200 ms CreateObjectMapping: 0.603500 ms MarkObjects: 4.532500 ms  DeleteObjects: 0.180400 ms)

AssetImportParameters requested are different than current active one (requested -> active):
  custom:video-decoder-ogg-theora: a1e56fd34408186e4bbccfd4996cb3dc -> 
  custom:container-muxer-webm: aa71ff27fc2769a1b78a27578f13a17b -> 
  custom:container-demuxer-webm: 4f35f7cbe854078d1ac9338744f61a02 -> 
  custom:video-encoder-webm-vp8: eb34c28f22e8b96e1ab97ce403110664 -> 
  custom:audio-encoder-webm-vorbis: bf7c407c2cedff20999df2af8eb42d56 -> 
  custom:framework-win-MediaFoundation: 216162199b28c13a410421893ffa2e32 -> 
  custom:container-demuxer-ogg: 62fdf1f143b41e24485cea50d1cbac27 -> 
  custom:video-decoder-webm-vp8: 9c59270c3fd7afecdb556c50c9e8de78 -> 
  custom:audio-decoder-ogg-vorbis: bf7c407c2cedff20999df2af8eb42d56 -> 
========================================================================
Received Import Request.
  Time since last request: 13374.822560 seconds.
  path: Assets/_TerrainAutoUpgrade
  artifactKey: Guid(70868ab2d889cdf4faa1d05aafdac250) Importer(815301076,1909f56bfc062723c751e8b465ee728b)
Start importing Assets/_TerrainAutoUpgrade using Guid(70868ab2d889cdf4faa1d05aafdac250) Importer(815301076,1909f56bfc062723c751e8b465ee728b)  -> (artifact id: 'a157bab47544ccff22a61842611912a1') in 0.021277 seconds 
========================================================================
Received Import Request.
  Time since last request: 5.263995 seconds.
  path: Assets/Music
  artifactKey: Guid(7ea91119aea92c24ebde88abd9a7f07f) Importer(815301076,1909f56bfc062723c751e8b465ee728b)
Start importing Assets/Music using Guid(7ea91119aea92c24ebde88abd9a7f07f) Importer(815301076,1909f56bfc062723c751e8b465ee728b)  -> (artifact id: '6e7400af887bb1bc63179951de507548') in 0.011236 seconds 
========================================================================
Received Import Request.
  Time since last request: 0.688739 seconds.
  path: Assets/Scenes
  artifactKey: Guid(6ea315d0fd7389c41b19996891e99ae3) Importer(815301076,1909f56bfc062723c751e8b465ee728b)
Start importing Assets/Scenes using Guid(6ea315d0fd7389c41b19996891e99ae3) Importer(815301076,1909f56bfc062723c751e8b465ee728b)  -> (artifact id: 'b8193726cff86800c54781cdc6d54904') in 0.011392 seconds 
========================================================================
Received Import Request.
  Time since last request: 1.367827 seconds.
  path: Assets/Scenes/MainMenu.unity
  artifactKey: Guid(9fc0d4010bbf28b4594072e72b8655ab) Importer(815301076,1909f56bfc062723c751e8b465ee728b)
Start importing Assets/Scenes/MainMenu.unity using Guid(9fc0d4010bbf28b4594072e72b8655ab) Importer(815301076,1909f56bfc062723c751e8b465ee728b)  -> (artifact id: '3e9a7deb9f87931ff29644263865ac5b') in 0.014785 seconds 
========================================================================
Received Import Request.
  Time since last request: 374.970147 seconds.
  path: Assets/New Folder
  artifactKey: Guid(ea0fc75544f43924d981e58d7d20dc00) Importer(815301076,1909f56bfc062723c751e8b465ee728b)
Start importing Assets/New Folder using Guid(ea0fc75544f43924d981e58d7d20dc00) Importer(815301076,1909f56bfc062723c751e8b465ee728b)  -> (artifact id: '09c3cb3a7e101f19d60e28e1121fc601') in 0.011765 seconds 
========================================================================
Received Import Request.
  Time since last request: 4.280526 seconds.
  path: Assets/03.Prefebs
  artifactKey: Guid(ea0fc75544f43924d981e58d7d20dc00) Importer(815301076,1909f56bfc062723c751e8b465ee728b)
Start importing Assets/03.Prefebs using Guid(ea0fc75544f43924d981e58d7d20dc00) Importer(815301076,1909f56bfc062723c751e8b465ee728b)  -> (artifact id: '86695b13dff35d774cbf43941a2f2c31') in 0.010815 seconds 
========================================================================
Received Import Request.
  Time since last request: 4.121020 seconds.
  path: Assets/Forest
  artifactKey: Guid(319f028559169ee49bc4cd99d2dd5e83) Importer(815301076,1909f56bfc062723c751e8b465ee728b)
Start importing Assets/Forest using Guid(319f028559169ee49bc4cd99d2dd5e83) Importer(815301076,1909f56bfc062723c751e8b465ee728b)  -> (artifact id: '7234f9b95ea8ba9a804c8c47ea657f21') in 0.011363 seconds 
========================================================================
Received Import Request.
  Time since last request: 2.372662 seconds.
  path: Assets/MainCharacter
  artifactKey: Guid(add3e6d621da5f54d8b2453f7d662bb4) Importer(815301076,1909f56bfc062723c751e8b465ee728b)
Start importing Assets/MainCharacter using Guid(add3e6d621da5f54d8b2453f7d662bb4) Importer(815301076,1909f56bfc062723c751e8b465ee728b)  -> (artifact id: '6a00747034dc676b80a44aa564a61b46') in 0.011266 seconds 
========================================================================
Received Import Request.
  Time since last request: 28.638777 seconds.
  path: Assets/04.Images
  artifactKey: Guid(2ea9cf39d9010174c96b4c6f44368471) Importer(815301076,1909f56bfc062723c751e8b465ee728b)
Start importing Assets/04.Images using Guid(2ea9cf39d9010174c96b4c6f44368471) Importer(815301076,1909f56bfc062723c751e8b465ee728b)  -> (artifact id: 'add2fe01b5449838c40cdfa1f4acf305') in 0.011610 seconds 
========================================================================
Received Import Request.
  Time since last request: 7.136087 seconds.
  path: Assets/05.Models
  artifactKey: Guid(d6eed784ce4dddb43be7f187c31fb4d4) Importer(815301076,1909f56bfc062723c751e8b465ee728b)
Start importing Assets/05.Models using Guid(d6eed784ce4dddb43be7f187c31fb4d4) Importer(815301076,1909f56bfc062723c751e8b465ee728b)  -> (artifact id: '1655c54fe1cfb0ef8c6d950e87c276ca') in 0.011932 seconds 
========================================================================
Received Import Request.
  Time since last request: 10.194636 seconds.
  path: Assets/06.Sounds
  artifactKey: Guid(7ea91119aea92c24ebde88abd9a7f07f) Importer(815301076,1909f56bfc062723c751e8b465ee728b)
Start importing Assets/06.Sounds using Guid(7ea91119aea92c24ebde88abd9a7f07f) Importer(815301076,1909f56bfc062723c751e8b465ee728b)  -> (artifact id: 'cb00ad7aa6d67163a94c32831ef5ad64') in 0.011738 seconds 
========================================================================
Received Import Request.
  Time since last request: 8.288976 seconds.
  path: Assets/07.Animations
  artifactKey: Guid(10ad50b13d0480747b19162574d29dc9) Importer(815301076,1909f56bfc062723c751e8b465ee728b)
Start importing Assets/07.Animations using Guid(10ad50b13d0480747b19162574d29dc9) Importer(815301076,1909f56bfc062723c751e8b465ee728b)  -> (artifact id: '9d6172e7c0ddeb0ef0401dd97fd8af74') in 0.011721 seconds 
========================================================================
Received Import Request.
  Time since last request: 8.654995 seconds.
  path: Assets/Script
  artifactKey: Guid(92f6669da13fe9a419d68f24726c1fcc) Importer(815301076,1909f56bfc062723c751e8b465ee728b)
Start importing Assets/Script using Guid(92f6669da13fe9a419d68f24726c1fcc) Importer(815301076,1909f56bfc062723c751e8b465ee728b)  -> (artifact id: '83f876c3c1c1682612890c7b4ee48e8f') in 0.011178 seconds 
========================================================================
Received Import Request.
  Time since last request: 6.569589 seconds.
  path: Assets/02.Scripts
  artifactKey: Guid(92f6669da13fe9a419d68f24726c1fcc) Importer(815301076,1909f56bfc062723c751e8b465ee728b)
Start importing Assets/02.Scripts using Guid(92f6669da13fe9a419d68f24726c1fcc) Importer(815301076,1909f56bfc062723c751e8b465ee728b)  -> (artifact id: '90cbe29cef7d09849afad336a4cb4b4a') in 0.011659 seconds 
========================================================================
Received Prepare
Registering precompiled user dll's ...
Registered in 0.028037 seconds.
Begin MonoManager ReloadAssembly
Symbol file LoadedFromMemory doesn't match image C:\Users\82107\Unity Projects\The-Shoes\The Shoes\Library\PackageCache\com.unity.visualscripting@1.7.8\Editor\VisualScripting.Core\Dependencies\YamlDotNet\Unity.VisualScripting.YamlDotNet.dll
Symbol file LoadedFromMemory doesn't match image C:\Users\82107\Unity Projects\The-Shoes\The Shoes\Library\PackageCache\com.unity.visualscripting@1.7.8\Editor\VisualScripting.Core\Dependencies\DotNetZip\Unity.VisualScripting.IonicZip.dll
Native extension for WindowsStandalone target not found
Native extension for WebGL target not found
Refreshing native plugins compatible for Editor in 0.79 ms, found 3 plugins.
Preloading 0 native plugins for Editor in 0.00 ms.
Mono: successfully reloaded assembly
- Completed reload, in  2.043 seconds
Domain Reload Profiling:
	ReloadAssembly (2044ms)
		BeginReloadAssembly (309ms)
			ExecutionOrderSort (0ms)
			DisableScriptedObjects (11ms)
			BackupInstance (0ms)
			ReleaseScriptingObjects (0ms)
			CreateAndSetChildDomain (66ms)
		EndReloadAssembly (1511ms)
			LoadAssemblies (233ms)
			RebuildTransferFunctionScriptingTraits (0ms)
			SetupTypeCache (494ms)
			ReleaseScriptCaches (2ms)
			RebuildScriptCaches (72ms)
			SetupLoadedEditorAssemblies (661ms)
				LogAssemblyErrors (0ms)
				InitializePlatformSupportModulesInManaged (34ms)
				SetLoadedEditorAssemblies (1ms)
				RefreshPlugins (1ms)
				BeforeProcessingInitializeOnLoad (172ms)
				ProcessInitializeOnLoadAttributes (367ms)
				ProcessInitializeOnLoadMethodAttributes (51ms)
				AfterProcessingInitializeOnLoad (35ms)
				EditorAssembliesLoaded (0ms)
			ExecutionOrderSort2 (0ms)
			AwakeInstancesAfterBackupRestoration (15ms)
Platform modules already initialized, skipping
Refreshing native plugins compatible for Editor in 4.93 ms, found 3 plugins.
Preloading 0 native plugins for Editor in 0.00 ms.
Unloading 3374 Unused Serialized files (Serialized files now loaded: 0)
Unloading 20 unused Assets / (79.6 KB). Loaded Objects now: 3859.
Memory consumption went from 129.8 MB to 129.7 MB.
Total: 6.029200 ms (FindLiveObjects: 0.372400 ms CreateObjectMapping: 0.223100 ms MarkObjects: 5.286200 ms  DeleteObjects: 0.145900 ms)

AssetImportParameters requested are different than current active one (requested -> active):
  custom:video-decoder-ogg-theora: a1e56fd34408186e4bbccfd4996cb3dc -> 
  custom:container-muxer-webm: aa71ff27fc2769a1b78a27578f13a17b -> 
  custom:container-demuxer-webm: 4f35f7cbe854078d1ac9338744f61a02 -> 
  custom:video-encoder-webm-vp8: eb34c28f22e8b96e1ab97ce403110664 -> 
  custom:audio-encoder-webm-vorbis: bf7c407c2cedff20999df2af8eb42d56 -> 
  custom:framework-win-MediaFoundation: 216162199b28c13a410421893ffa2e32 -> 
  custom:container-demuxer-ogg: 62fdf1f143b41e24485cea50d1cbac27 -> 
  custom:video-decoder-webm-vp8: 9c59270c3fd7afecdb556c50c9e8de78 -> 
  custom:audio-decoder-ogg-vorbis: bf7c407c2cedff20999df2af8eb42d56 -> 
========================================================================
Received Import Request.
  Time since last request: 25.490540 seconds.
  path: Assets/01.Scenes
  artifactKey: Guid(6ea315d0fd7389c41b19996891e99ae3) Importer(815301076,1909f56bfc062723c751e8b465ee728b)
Start importing Assets/01.Scenes using Guid(6ea315d0fd7389c41b19996891e99ae3) Importer(815301076,1909f56bfc062723c751e8b465ee728b)  -> (artifact id: 'f33dbff720296b54fb089cda27f23e4d') in 0.019110 seconds 
========================================================================
Received Import Request.
  Time since last request: 80.144976 seconds.
  path: Assets/_TerrainAutoUpgrade/layer_b3407d0e55802f81.terrainlayer
  artifactKey: Guid(e3839ed64387d0a47b975c3024345983) Importer(815301076,1909f56bfc062723c751e8b465ee728b)
Start importing Assets/_TerrainAutoUpgrade/layer_b3407d0e55802f81.terrainlayer using Guid(e3839ed64387d0a47b975c3024345983) Importer(815301076,1909f56bfc062723c751e8b465ee728b)  -> (artifact id: '0a60630407d3318b124aa148a8015b3a') in 0.169634 seconds 
========================================================================
Received Prepare
Registering precompiled user dll's ...
Registered in 0.024473 seconds.
Begin MonoManager ReloadAssembly
Symbol file LoadedFromMemory doesn't match image C:\Users\82107\Unity Projects\The-Shoes\The Shoes\Library\PackageCache\com.unity.visualscripting@1.7.8\Editor\VisualScripting.Core\Dependencies\YamlDotNet\Unity.VisualScripting.YamlDotNet.dll
Symbol file LoadedFromMemory doesn't match image C:\Users\82107\Unity Projects\The-Shoes\The Shoes\Library\PackageCache\com.unity.visualscripting@1.7.8\Editor\VisualScripting.Core\Dependencies\DotNetZip\Unity.VisualScripting.IonicZip.dll
Native extension for WindowsStandalone target not found
Native extension for WebGL target not found
Refreshing native plugins compatible for Editor in 0.86 ms, found 3 plugins.
Preloading 0 native plugins for Editor in 0.00 ms.
Mono: successfully reloaded assembly
- Completed reload, in  2.064 seconds
Domain Reload Profiling:
	ReloadAssembly (2066ms)
		BeginReloadAssembly (302ms)
			ExecutionOrderSort (0ms)
			DisableScriptedObjects (11ms)
			BackupInstance (0ms)
			ReleaseScriptingObjects (0ms)
			CreateAndSetChildDomain (71ms)
		EndReloadAssembly (1534ms)
			LoadAssemblies (223ms)
			RebuildTransferFunctionScriptingTraits (0ms)
			SetupTypeCache (495ms)
			ReleaseScriptCaches (2ms)
			RebuildScriptCaches (71ms)
			SetupLoadedEditorAssemblies (677ms)
				LogAssemblyErrors (0ms)
				InitializePlatformSupportModulesInManaged (34ms)
				SetLoadedEditorAssemblies (1ms)
				RefreshPlugins (1ms)
				BeforeProcessingInitializeOnLoad (174ms)
				ProcessInitializeOnLoadAttributes (383ms)
				ProcessInitializeOnLoadMethodAttributes (49ms)
				AfterProcessingInitializeOnLoad (36ms)
				EditorAssembliesLoaded (0ms)
			ExecutionOrderSort2 (0ms)
			AwakeInstancesAfterBackupRestoration (15ms)
Platform modules already initialized, skipping
Refreshing native plugins compatible for Editor in 4.87 ms, found 3 plugins.
Preloading 0 native plugins for Editor in 0.00 ms.
Unloading 3374 Unused Serialized files (Serialized files now loaded: 0)
Unloading 20 unused Assets / (79.8 KB). Loaded Objects now: 3867.
Memory consumption went from 134.1 MB to 134.0 MB.
Total: 5.033300 ms (FindLiveObjects: 0.362900 ms CreateObjectMapping: 0.228100 ms MarkObjects: 4.314400 ms  DeleteObjects: 0.126700 ms)

AssetImportParameters requested are different than current active one (requested -> active):
  custom:video-decoder-ogg-theora: a1e56fd34408186e4bbccfd4996cb3dc -> 
  custom:container-muxer-webm: aa71ff27fc2769a1b78a27578f13a17b -> 
  custom:container-demuxer-webm: 4f35f7cbe854078d1ac9338744f61a02 -> 
  custom:video-encoder-webm-vp8: eb34c28f22e8b96e1ab97ce403110664 -> 
  custom:audio-encoder-webm-vorbis: bf7c407c2cedff20999df2af8eb42d56 -> 
  custom:framework-win-MediaFoundation: 216162199b28c13a410421893ffa2e32 -> 
  custom:container-demuxer-ogg: 62fdf1f143b41e24485cea50d1cbac27 -> 
  custom:video-decoder-webm-vp8: 9c59270c3fd7afecdb556c50c9e8de78 -> 
  custom:audio-decoder-ogg-vorbis: bf7c407c2cedff20999df2af8eb42d56 -> 
========================================================================
Received Import Request.
  Time since last request: 165.627884 seconds.
  path: Assets/05.Models/MainCharacter/Animations
  artifactKey: Guid(4c5d889290f821e4f9d3a1cdfddf771b) Importer(815301076,1909f56bfc062723c751e8b465ee728b)
Start importing Assets/05.Models/MainCharacter/Animations using Guid(4c5d889290f821e4f9d3a1cdfddf771b) Importer(815301076,1909f56bfc062723c751e8b465ee728b)  -> (artifact id: '5337fe86a2121a515d8e228228aec9f5') in 0.018204 seconds 
========================================================================
Received Import Request.
  Time since last request: 1.363703 seconds.
  path: Assets/05.Models/MainCharacter/Models
  artifactKey: Guid(6617294e24c06294b8ac35eb88a4ad9d) Importer(815301076,1909f56bfc062723c751e8b465ee728b)
Start importing Assets/05.Models/MainCharacter/Models using Guid(6617294e24c06294b8ac35eb88a4ad9d) Importer(815301076,1909f56bfc062723c751e8b465ee728b)  -> (artifact id: 'b77e1cfc75ddd152633a42bae687c43e') in 0.010853 seconds 
========================================================================
Received Import Request.
  Time since last request: 0.276072 seconds.
  path: Assets/05.Models/MainCharacter/Prefabs
  artifactKey: Guid(95a779c7172f3a44c95f30305823626f) Importer(815301076,1909f56bfc062723c751e8b465ee728b)
Start importing Assets/05.Models/MainCharacter/Prefabs using Guid(95a779c7172f3a44c95f30305823626f) Importer(815301076,1909f56bfc062723c751e8b465ee728b)  -> (artifact id: 'ecca2b88882a87fe32f229f3c361e753') in 0.011003 seconds 
========================================================================
Received Import Request.
  Time since last request: 0.566861 seconds.
  path: Assets/05.Models/MainCharacter/Scenes
  artifactKey: Guid(3412f14f3420c45498caca870b836a8c) Importer(815301076,1909f56bfc062723c751e8b465ee728b)
Start importing Assets/05.Models/MainCharacter/Scenes using Guid(3412f14f3420c45498caca870b836a8c) Importer(815301076,1909f56bfc062723c751e8b465ee728b)  -> (artifact id: '62bad2dadce68bd8ece1833c201bb0c6') in 0.004863 seconds 
========================================================================
Received Import Request.
  Time since last request: 0.512701 seconds.
  path: Assets/05.Models/MainCharacter/Scripts
  artifactKey: Guid(2d9f0bc7a285b164da6154f6fc8fbec9) Importer(815301076,1909f56bfc062723c751e8b465ee728b)
Start importing Assets/05.Models/MainCharacter/Scripts using Guid(2d9f0bc7a285b164da6154f6fc8fbec9) Importer(815301076,1909f56bfc062723c751e8b465ee728b)  -> (artifact id: '02b78541ae5e81f682041cb0adc2731f') in 0.033139 seconds 
========================================================================
Received Import Request.
  Time since last request: 0.938441 seconds.
  path: Assets/05.Models/MainCharacter/Shaders
  artifactKey: Guid(41c93d1c7cfa1ef41826bbd598c3bfbc) Importer(815301076,1909f56bfc062723c751e8b465ee728b)
Start importing Assets/05.Models/MainCharacter/Shaders using Guid(41c93d1c7cfa1ef41826bbd598c3bfbc) Importer(815301076,1909f56bfc062723c751e8b465ee728b)  -> (artifact id: '2cdba836178a7201ff1af9040343ae88') in 0.011401 seconds 
========================================================================
Received Import Request.
  Time since last request: 0.576955 seconds.
  path: Assets/05.Models/MainCharacter/Textures
  artifactKey: Guid(b8205829b3519944cbd7d0061a526527) Importer(815301076,1909f56bfc062723c751e8b465ee728b)
Start importing Assets/05.Models/MainCharacter/Textures using Guid(b8205829b3519944cbd7d0061a526527) Importer(815301076,1909f56bfc062723c751e8b465ee728b)  -> (artifact id: 'e508029fcc0b29f1100f58a52fdccf81') in 0.012096 seconds 
========================================================================
Received Import Request.
  Time since last request: 0.290384 seconds.
  path: Assets/05.Models/MainCharacter/Free Sample Readme v2.1.pdf
  artifactKey: Guid(bc1ba5d3e5f712842aa93e82efafbf34) Importer(815301076,1909f56bfc062723c751e8b465ee728b)
Start importing Assets/05.Models/MainCharacter/Free Sample Readme v2.1.pdf using Guid(bc1ba5d3e5f712842aa93e82efafbf34) Importer(815301076,1909f56bfc062723c751e8b465ee728b)  -> (artifact id: '0f7d9269f10e7824e9f7b6979fdd99f7') in 0.038724 seconds 
========================================================================
Received Import Request.
  Time since last request: 8.895099 seconds.
  path: Assets/Forest/Textures/grass01.tga
  artifactKey: Guid(6c41a2cea80b4fc499bac2a6c14a4514) Importer(815301076,1909f56bfc062723c751e8b465ee728b)
Start importing Assets/Forest/Textures/grass01.tga using Guid(6c41a2cea80b4fc499bac2a6c14a4514) Importer(815301076,1909f56bfc062723c751e8b465ee728b)  -> (artifact id: '49b271277da39239772e91ad5136a0fb') in 0.097982 seconds 
========================================================================
Received Import Request.
  Time since last request: 1.043967 seconds.
  path: Assets/Forest/Textures/dirt01.tga
  artifactKey: Guid(30ec70ef60a2bb54ea2df6f72c77bdc6) Importer(815301076,1909f56bfc062723c751e8b465ee728b)
Start importing Assets/Forest/Textures/dirt01.tga using Guid(30ec70ef60a2bb54ea2df6f72c77bdc6) Importer(815301076,1909f56bfc062723c751e8b465ee728b)  -> (artifact id: 'e123c99b60e1ef1704f06f605f391de0') in 0.036741 seconds 
========================================================================
Received Import Request.
  Time since last request: 1.028458 seconds.
  path: Assets/Forest/Textures/grass01_b.tga
  artifactKey: Guid(b69992f31e7145e4ba49aa8118c5541c) Importer(815301076,1909f56bfc062723c751e8b465ee728b)
Start importing Assets/Forest/Textures/grass01_b.tga using Guid(b69992f31e7145e4ba49aa8118c5541c) Importer(815301076,1909f56bfc062723c751e8b465ee728b)  -> (artifact id: '69c9052b4cd27d1ddf9c69a7b9c23a60') in 0.030687 seconds 
